<?xml version="1.0" encoding="UTF-8"?>
<testsuite xmlns:xsi="http://www.w3.org/2001/XMLSchema-instance" xsi:noNamespaceSchemaLocation="https://maven.apache.org/surefire/maven-surefire-plugin/xsd/surefire-test-report.xsd" name="com.alhous.dl4j.AppTest" time="0.755" tests="1" errors="0" skipped="0" failures="0">
  <properties>
    <property name="java.specification.version" value="14"/>
    <property name="sun.cpu.isalist" value="amd64"/>
    <property name="sun.jnu.encoding" value="Cp1252"/>
    <property name="java.class.path" value="C:\dl4j\Part1\DataVect\intro\target\test-classes;C:\dl4j\Part1\DataVect\intro\target\classes;C:\Users\silah\.m2\repository\org\deeplearning4j\deeplearning4j-core\1.0.0-beta7\deeplearning4j-core-1.0.0-beta7.jar;C:\Users\silah\.m2\repository\org\deeplearning4j\deeplearning4j-tsne\1.0.0-beta7\deeplearning4j-tsne-1.0.0-beta7.jar;C:\Users\silah\.m2\repository\org\deeplearning4j\nearestneighbor-core\1.0.0-beta7\nearestneighbor-core-1.0.0-beta7.jar;C:\Users\silah\.m2\repository\org\deeplearning4j\deeplearning4j-datasets\1.0.0-beta7\deeplearning4j-datasets-1.0.0-beta7.jar;C:\Users\silah\.m2\repository\org\deeplearning4j\deeplearning4j-common\1.0.0-beta7\deeplearning4j-common-1.0.0-beta7.jar;C:\Users\silah\.m2\repository\org\deeplearning4j\deeplearning4j-datavec-iterators\1.0.0-beta7\deeplearning4j-datavec-iterators-1.0.0-beta7.jar;C:\Users\silah\.m2\repository\org\deeplearning4j\deeplearning4j-modelimport\1.0.0-beta7\deeplearning4j-modelimport-1.0.0-beta7.jar;C:\Users\silah\.m2\repository\com\google\code\gson\gson\2.8.0\gson-2.8.0.jar;C:\Users\silah\.m2\repository\org\bytedeco\hdf5-platform\1.12.0-1.5.3\hdf5-platform-1.12.0-1.5.3.jar;C:\Users\silah\.m2\repository\org\bytedeco\javacpp-platform\1.5.3\javacpp-platform-1.5.3.jar;C:\Users\silah\.m2\repository\org\bytedeco\javacpp\1.5.3\javacpp-1.5.3-android-arm.jar;C:\Users\silah\.m2\repository\org\bytedeco\javacpp\1.5.3\javacpp-1.5.3-android-arm64.jar;C:\Users\silah\.m2\repository\org\bytedeco\javacpp\1.5.3\javacpp-1.5.3-android-x86.jar;C:\Users\silah\.m2\repository\org\bytedeco\javacpp\1.5.3\javacpp-1.5.3-android-x86_64.jar;C:\Users\silah\.m2\repository\org\bytedeco\javacpp\1.5.3\javacpp-1.5.3-ios-arm64.jar;C:\Users\silah\.m2\repository\org\bytedeco\javacpp\1.5.3\javacpp-1.5.3-ios-x86_64.jar;C:\Users\silah\.m2\repository\org\bytedeco\javacpp\1.5.3\javacpp-1.5.3-linux-armhf.jar;C:\Users\silah\.m2\repository\org\bytedeco\javacpp\1.5.3\javacpp-1.5.3-linux-arm64.jar;C:\Users\silah\.m2\repository\org\bytedeco\javacpp\1.5.3\javacpp-1.5.3-linux-ppc64le.jar;C:\Users\silah\.m2\repository\org\bytedeco\javacpp\1.5.3\javacpp-1.5.3-linux-x86.jar;C:\Users\silah\.m2\repository\org\bytedeco\javacpp\1.5.3\javacpp-1.5.3-linux-x86_64.jar;C:\Users\silah\.m2\repository\org\bytedeco\javacpp\1.5.3\javacpp-1.5.3-macosx-x86_64.jar;C:\Users\silah\.m2\repository\org\bytedeco\javacpp\1.5.3\javacpp-1.5.3-windows-x86.jar;C:\Users\silah\.m2\repository\org\bytedeco\hdf5\1.12.0-1.5.3\hdf5-1.12.0-1.5.3.jar;C:\Users\silah\.m2\repository\org\bytedeco\hdf5\1.12.0-1.5.3\hdf5-1.12.0-1.5.3-linux-x86.jar;C:\Users\silah\.m2\repository\org\bytedeco\hdf5\1.12.0-1.5.3\hdf5-1.12.0-1.5.3-linux-x86_64.jar;C:\Users\silah\.m2\repository\org\bytedeco\hdf5\1.12.0-1.5.3\hdf5-1.12.0-1.5.3-linux-armhf.jar;C:\Users\silah\.m2\repository\org\bytedeco\hdf5\1.12.0-1.5.3\hdf5-1.12.0-1.5.3-linux-arm64.jar;C:\Users\silah\.m2\repository\org\bytedeco\hdf5\1.12.0-1.5.3\hdf5-1.12.0-1.5.3-linux-ppc64le.jar;C:\Users\silah\.m2\repository\org\bytedeco\hdf5\1.12.0-1.5.3\hdf5-1.12.0-1.5.3-macosx-x86_64.jar;C:\Users\silah\.m2\repository\org\bytedeco\hdf5\1.12.0-1.5.3\hdf5-1.12.0-1.5.3-windows-x86.jar;C:\Users\silah\.m2\repository\org\bytedeco\hdf5\1.12.0-1.5.3\hdf5-1.12.0-1.5.3-windows-x86_64.jar;C:\Users\silah\.m2\repository\org\slf4j\slf4j-api\1.7.21\slf4j-api-1.7.21.jar;C:\Users\silah\.m2\repository\org\deeplearning4j\deeplearning4j-nn\1.0.0-beta7\deeplearning4j-nn-1.0.0-beta7.jar;C:\Users\silah\.m2\repository\org\deeplearning4j\deeplearning4j-utility-iterators\1.0.0-beta7\deeplearning4j-utility-iterators-1.0.0-beta7.jar;C:\Users\silah\.m2\repository\org\lucee\oswego-concurrent\1.3.4\oswego-concurrent-1.3.4.jar;C:\Users\silah\.m2\repository\it\unimi\dsi\fastutil\6.5.7\fastutil-6.5.7.jar;C:\Users\silah\.m2\repository\org\apache\commons\commons-math3\3.5\commons-math3-3.5.jar;C:\Users\silah\.m2\repository\commons-io\commons-io\2.5\commons-io-2.5.jar;C:\Users\silah\.m2\repository\org\apache\commons\commons-compress\1.18\commons-compress-1.18.jar;C:\Users\silah\.m2\repository\org\nd4j\nd4j-api\1.0.0-beta7\nd4j-api-1.0.0-beta7.jar;C:\Users\silah\.m2\repository\com\jakewharton\byteunits\byteunits\0.9.1\byteunits-0.9.1.jar;C:\Users\silah\.m2\repository\com\google\flatbuffers\flatbuffers-java\1.10.0\flatbuffers-java-1.10.0.jar;C:\Users\silah\.m2\repository\org\nd4j\protobuf\1.0.0-beta7\protobuf-1.0.0-beta7.jar;C:\Users\silah\.m2\repository\commons-net\commons-net\3.1\commons-net-3.1.jar;C:\Users\silah\.m2\repository\net\ericaro\neoitertools\1.0.0\neoitertools-1.0.0.jar;C:\Users\silah\.m2\repository\org\apache\commons\commons-lang3\3.6\commons-lang3-3.6.jar;C:\Users\silah\.m2\repository\org\nd4j\jackson\1.0.0-beta7\jackson-1.0.0-beta7.jar;C:\Users\silah\.m2\repository\org\datavec\datavec-api\1.0.0-beta7\datavec-api-1.0.0-beta7.jar;C:\Users\silah\.m2\repository\commons-codec\commons-codec\1.10\commons-codec-1.10.jar;C:\Users\silah\.m2\repository\joda-time\joda-time\2.2\joda-time-2.2.jar;C:\Users\silah\.m2\repository\org\freemarker\freemarker\2.3.23\freemarker-2.3.23.jar;C:\Users\silah\.m2\repository\com\clearspring\analytics\stream\2.9.8\stream-2.9.8.jar;C:\Users\silah\.m2\repository\net\sf\opencsv\opencsv\2.3\opencsv-2.3.jar;C:\Users\silah\.m2\repository\com\tdunning\t-digest\3.2\t-digest-3.2.jar;C:\Users\silah\.m2\repository\org\datavec\datavec-data-image\1.0.0-beta7\datavec-data-image-1.0.0-beta7.jar;C:\Users\silah\.m2\repository\com\github\jai-imageio\jai-imageio-core\1.3.0\jai-imageio-core-1.3.0.jar;C:\Users\silah\.m2\repository\com\twelvemonkeys\imageio\imageio-jpeg\3.1.1\imageio-jpeg-3.1.1.jar;C:\Users\silah\.m2\repository\com\twelvemonkeys\imageio\imageio-core\3.1.1\imageio-core-3.1.1.jar;C:\Users\silah\.m2\repository\com\twelvemonkeys\imageio\imageio-metadata\3.1.1\imageio-metadata-3.1.1.jar;C:\Users\silah\.m2\repository\com\twelvemonkeys\common\common-lang\3.1.1\common-lang-3.1.1.jar;C:\Users\silah\.m2\repository\com\twelvemonkeys\common\common-io\3.1.1\common-io-3.1.1.jar;C:\Users\silah\.m2\repository\com\twelvemonkeys\common\common-image\3.1.1\common-image-3.1.1.jar;C:\Users\silah\.m2\repository\com\twelvemonkeys\imageio\imageio-tiff\3.1.1\imageio-tiff-3.1.1.jar;C:\Users\silah\.m2\repository\com\twelvemonkeys\imageio\imageio-psd\3.1.1\imageio-psd-3.1.1.jar;C:\Users\silah\.m2\repository\com\twelvemonkeys\imageio\imageio-bmp\3.1.1\imageio-bmp-3.1.1.jar;C:\Users\silah\.m2\repository\org\bytedeco\javacv\1.5.3\javacv-1.5.3.jar;C:\Users\silah\.m2\repository\org\bytedeco\opencv\4.3.0-1.5.3\opencv-4.3.0-1.5.3.jar;C:\Users\silah\.m2\repository\org\bytedeco\ffmpeg\4.2.2-1.5.3\ffmpeg-4.2.2-1.5.3.jar;C:\Users\silah\.m2\repository\org\bytedeco\flycapture\2.13.3.31-1.5.3\flycapture-2.13.3.31-1.5.3.jar;C:\Users\silah\.m2\repository\org\bytedeco\libdc1394\2.2.6-1.5.3\libdc1394-2.2.6-1.5.3.jar;C:\Users\silah\.m2\repository\org\bytedeco\libfreenect\0.5.7-1.5.3\libfreenect-0.5.7-1.5.3.jar;C:\Users\silah\.m2\repository\org\bytedeco\libfreenect2\0.2.0-1.5.3\libfreenect2-0.2.0-1.5.3.jar;C:\Users\silah\.m2\repository\org\bytedeco\librealsense\1.12.4-1.5.3\librealsense-1.12.4-1.5.3.jar;C:\Users\silah\.m2\repository\org\bytedeco\librealsense2\2.29.0-1.5.3\librealsense2-2.29.0-1.5.3.jar;C:\Users\silah\.m2\repository\org\bytedeco\videoinput\0.200-1.5.3\videoinput-0.200-1.5.3.jar;C:\Users\silah\.m2\repository\org\bytedeco\artoolkitplus\2.3.1-1.5.3\artoolkitplus-2.3.1-1.5.3.jar;C:\Users\silah\.m2\repository\org\bytedeco\flandmark\1.07-1.5.3\flandmark-1.07-1.5.3.jar;C:\Users\silah\.m2\repository\org\bytedeco\leptonica\1.79.0-1.5.3\leptonica-1.79.0-1.5.3.jar;C:\Users\silah\.m2\repository\org\bytedeco\tesseract\4.1.1-1.5.3\tesseract-4.1.1-1.5.3.jar;C:\Users\silah\.m2\repository\org\openjfx\javafx-graphics\14\javafx-graphics-14.jar;C:\Users\silah\.m2\repository\org\openjfx\javafx-graphics\14\javafx-graphics-14-win.jar;C:\Users\silah\.m2\repository\org\openjfx\javafx-base\14\javafx-base-14.jar;C:\Users\silah\.m2\repository\org\openjfx\javafx-base\14\javafx-base-14-win.jar;C:\Users\silah\.m2\repository\org\bytedeco\opencv-platform\4.3.0-1.5.3\opencv-platform-4.3.0-1.5.3.jar;C:\Users\silah\.m2\repository\org\bytedeco\openblas-platform\0.3.9-1.5.3\openblas-platform-0.3.9-1.5.3.jar;C:\Users\silah\.m2\repository\org\bytedeco\openblas\0.3.9-1.5.3\openblas-0.3.9-1.5.3-android-arm.jar;C:\Users\silah\.m2\repository\org\bytedeco\openblas\0.3.9-1.5.3\openblas-0.3.9-1.5.3-android-arm64.jar;C:\Users\silah\.m2\repository\org\bytedeco\openblas\0.3.9-1.5.3\openblas-0.3.9-1.5.3-android-x86.jar;C:\Users\silah\.m2\repository\org\bytedeco\openblas\0.3.9-1.5.3\openblas-0.3.9-1.5.3-android-x86_64.jar;C:\Users\silah\.m2\repository\org\bytedeco\openblas\0.3.9-1.5.3\openblas-0.3.9-1.5.3-ios-arm64.jar;C:\Users\silah\.m2\repository\org\bytedeco\openblas\0.3.9-1.5.3\openblas-0.3.9-1.5.3-ios-x86_64.jar;C:\Users\silah\.m2\repository\org\bytedeco\openblas\0.3.9-1.5.3\openblas-0.3.9-1.5.3-linux-x86.jar;C:\Users\silah\.m2\repository\org\bytedeco\openblas\0.3.9-1.5.3\openblas-0.3.9-1.5.3-linux-x86_64.jar;C:\Users\silah\.m2\repository\org\bytedeco\openblas\0.3.9-1.5.3\openblas-0.3.9-1.5.3-linux-armhf.jar;C:\Users\silah\.m2\repository\org\bytedeco\openblas\0.3.9-1.5.3\openblas-0.3.9-1.5.3-linux-arm64.jar;C:\Users\silah\.m2\repository\org\bytedeco\openblas\0.3.9-1.5.3\openblas-0.3.9-1.5.3-linux-ppc64le.jar;C:\Users\silah\.m2\repository\org\bytedeco\openblas\0.3.9-1.5.3\openblas-0.3.9-1.5.3-macosx-x86_64.jar;C:\Users\silah\.m2\repository\org\bytedeco\openblas\0.3.9-1.5.3\openblas-0.3.9-1.5.3-windows-x86.jar;C:\Users\silah\.m2\repository\org\bytedeco\opencv\4.3.0-1.5.3\opencv-4.3.0-1.5.3-android-arm.jar;C:\Users\silah\.m2\repository\org\bytedeco\opencv\4.3.0-1.5.3\opencv-4.3.0-1.5.3-android-arm64.jar;C:\Users\silah\.m2\repository\org\bytedeco\opencv\4.3.0-1.5.3\opencv-4.3.0-1.5.3-android-x86.jar;C:\Users\silah\.m2\repository\org\bytedeco\opencv\4.3.0-1.5.3\opencv-4.3.0-1.5.3-android-x86_64.jar;C:\Users\silah\.m2\repository\org\bytedeco\opencv\4.3.0-1.5.3\opencv-4.3.0-1.5.3-ios-arm64.jar;C:\Users\silah\.m2\repository\org\bytedeco\opencv\4.3.0-1.5.3\opencv-4.3.0-1.5.3-ios-x86_64.jar;C:\Users\silah\.m2\repository\org\bytedeco\opencv\4.3.0-1.5.3\opencv-4.3.0-1.5.3-linux-x86.jar;C:\Users\silah\.m2\repository\org\bytedeco\opencv\4.3.0-1.5.3\opencv-4.3.0-1.5.3-linux-x86_64.jar;C:\Users\silah\.m2\repository\org\bytedeco\opencv\4.3.0-1.5.3\opencv-4.3.0-1.5.3-linux-armhf.jar;C:\Users\silah\.m2\repository\org\bytedeco\opencv\4.3.0-1.5.3\opencv-4.3.0-1.5.3-linux-arm64.jar;C:\Users\silah\.m2\repository\org\bytedeco\opencv\4.3.0-1.5.3\opencv-4.3.0-1.5.3-linux-ppc64le.jar;C:\Users\silah\.m2\repository\org\bytedeco\opencv\4.3.0-1.5.3\opencv-4.3.0-1.5.3-macosx-x86_64.jar;C:\Users\silah\.m2\repository\org\bytedeco\opencv\4.3.0-1.5.3\opencv-4.3.0-1.5.3-windows-x86.jar;C:\Users\silah\.m2\repository\org\bytedeco\opencv\4.3.0-1.5.3\opencv-4.3.0-1.5.3-windows-x86_64.jar;C:\Users\silah\.m2\repository\org\bytedeco\leptonica-platform\1.79.0-1.5.3\leptonica-platform-1.79.0-1.5.3.jar;C:\Users\silah\.m2\repository\org\bytedeco\leptonica\1.79.0-1.5.3\leptonica-1.79.0-1.5.3-android-arm.jar;C:\Users\silah\.m2\repository\org\bytedeco\leptonica\1.79.0-1.5.3\leptonica-1.79.0-1.5.3-android-arm64.jar;C:\Users\silah\.m2\repository\org\bytedeco\leptonica\1.79.0-1.5.3\leptonica-1.79.0-1.5.3-android-x86.jar;C:\Users\silah\.m2\repository\org\bytedeco\leptonica\1.79.0-1.5.3\leptonica-1.79.0-1.5.3-android-x86_64.jar;C:\Users\silah\.m2\repository\org\bytedeco\leptonica\1.79.0-1.5.3\leptonica-1.79.0-1.5.3-linux-x86.jar;C:\Users\silah\.m2\repository\org\bytedeco\leptonica\1.79.0-1.5.3\leptonica-1.79.0-1.5.3-linux-x86_64.jar;C:\Users\silah\.m2\repository\org\bytedeco\leptonica\1.79.0-1.5.3\leptonica-1.79.0-1.5.3-linux-armhf.jar;C:\Users\silah\.m2\repository\org\bytedeco\leptonica\1.79.0-1.5.3\leptonica-1.79.0-1.5.3-linux-arm64.jar;C:\Users\silah\.m2\repository\org\bytedeco\leptonica\1.79.0-1.5.3\leptonica-1.79.0-1.5.3-linux-ppc64le.jar;C:\Users\silah\.m2\repository\org\bytedeco\leptonica\1.79.0-1.5.3\leptonica-1.79.0-1.5.3-macosx-x86_64.jar;C:\Users\silah\.m2\repository\org\bytedeco\leptonica\1.79.0-1.5.3\leptonica-1.79.0-1.5.3-windows-x86.jar;C:\Users\silah\.m2\repository\org\bytedeco\leptonica\1.79.0-1.5.3\leptonica-1.79.0-1.5.3-windows-x86_64.jar;C:\Users\silah\.m2\repository\org\deeplearning4j\deeplearning4j-ui-components\1.0.0-beta7\deeplearning4j-ui-components-1.0.0-beta7.jar;C:\Users\silah\.m2\repository\com\github\oshi\oshi-json\3.4.2\oshi-json-3.4.2.jar;C:\Users\silah\.m2\repository\org\glassfish\javax.json\1.0.4\javax.json-1.0.4.jar;C:\Users\silah\.m2\repository\com\github\oshi\oshi-core\3.4.2\oshi-core-3.4.2.jar;C:\Users\silah\.m2\repository\net\java\dev\jna\jna-platform\4.3.0\jna-platform-4.3.0.jar;C:\Users\silah\.m2\repository\net\java\dev\jna\jna\4.3.0\jna-4.3.0.jar;C:\Users\silah\.m2\repository\org\threeten\threetenbp\1.3.3\threetenbp-1.3.3.jar;C:\Users\silah\.m2\repository\org\nd4j\nd4j-native\1.0.0-beta7\nd4j-native-1.0.0-beta7.jar;C:\Users\silah\.m2\repository\org\nd4j\nd4j-native\1.0.0-beta7\nd4j-native-1.0.0-beta7-windows-x86_64.jar;C:\Users\silah\.m2\repository\org\bytedeco\javacpp\1.5.3\javacpp-1.5.3.jar;C:\Users\silah\.m2\repository\org\bytedeco\javacpp\1.5.3\javacpp-1.5.3-windows-x86_64.jar;C:\Users\silah\.m2\repository\org\bytedeco\openblas\0.3.9-1-1.5.3\openblas-0.3.9-1-1.5.3.jar;C:\Users\silah\.m2\repository\org\bytedeco\openblas\0.3.9-1-1.5.3\openblas-0.3.9-1-1.5.3-windows-x86_64.jar;C:\Users\silah\.m2\repository\org\nd4j\nd4j-native-api\1.0.0-beta7\nd4j-native-api-1.0.0-beta7.jar;C:\Users\silah\.m2\repository\org\datavec\datavec-local\1.0.0-beta7\datavec-local-1.0.0-beta7.jar;C:\Users\silah\.m2\repository\com\codepoetics\protonpack\1.15\protonpack-1.15.jar;C:\Users\silah\.m2\repository\org\datavec\datavec-arrow\1.0.0-beta7\datavec-arrow-1.0.0-beta7.jar;C:\Users\silah\.m2\repository\org\apache\arrow\arrow-vector\0.11.0\arrow-vector-0.11.0.jar;C:\Users\silah\.m2\repository\com\fasterxml\jackson\core\jackson-core\2.7.9\jackson-core-2.7.9.jar;C:\Users\silah\.m2\repository\com\fasterxml\jackson\core\jackson-annotations\2.7.9\jackson-annotations-2.7.9.jar;C:\Users\silah\.m2\repository\com\fasterxml\jackson\core\jackson-databind\2.7.9\jackson-databind-2.7.9.jar;C:\Users\silah\.m2\repository\com\carrotsearch\hppc\0.7.2\hppc-0.7.2.jar;C:\Users\silah\.m2\repository\io\netty\netty-buffer\4.1.22.Final\netty-buffer-4.1.22.Final.jar;C:\Users\silah\.m2\repository\io\netty\netty-common\4.1.22.Final\netty-common-4.1.22.Final.jar;C:\Users\silah\.m2\repository\org\apache\arrow\arrow-memory\0.11.0\arrow-memory-0.11.0.jar;C:\Users\silah\.m2\repository\com\google\code\findbugs\jsr305\3.0.2\jsr305-3.0.2.jar;C:\Users\silah\.m2\repository\org\apache\arrow\arrow-format\0.11.0\arrow-format-0.11.0.jar;C:\Users\silah\.m2\repository\org\nd4j\nd4j-common\1.0.0-beta7\nd4j-common-1.0.0-beta7.jar;C:\Users\silah\.m2\repository\org\nd4j\guava\1.0.0-beta7\guava-1.0.0-beta7.jar;C:\Users\silah\.m2\repository\ch\qos\logback\logback-classic\1.2.3\logback-classic-1.2.3.jar;C:\Users\silah\.m2\repository\ch\qos\logback\logback-core\1.2.3\logback-core-1.2.3.jar;C:\Users\silah\.m2\repository\junit\junit\4.11\junit-4.11.jar;C:\Users\silah\.m2\repository\org\hamcrest\hamcrest-core\1.3\hamcrest-core-1.3.jar;"/>
    <property name="java.vm.vendor" value="Red Hat, Inc."/>
    <property name="sun.arch.data.model" value="64"/>
    <property name="user.variant" value=""/>
    <property name="java.vendor.url" value="https://developers.redhat.com/"/>
    <property name="user.timezone" value="Africa/Lagos"/>
    <property name="os.name" value="Windows 10"/>
    <property name="java.vm.specification.version" value="14"/>
    <property name="sun.java.launcher" value="SUN_STANDARD"/>
    <property name="user.country" value="SN"/>
    <property name="sun.boot.library.path" value="C:\Program Files\RedHat\java-14-openjdk-14.0.2-1\bin"/>
    <property name="sun.java.command" value="C:\Users\silah\AppData\Local\Temp\surefire6553829194538421933\surefirebooter5995920948524459155.jar C:\Users\silah\AppData\Local\Temp\surefire6553829194538421933 2020-07-29T15-31-08_057-jvmRun1 surefire10590310248129558359tmp surefire_02973977723191870612tmp"/>
    <property name="jdk.debug" value="release"/>
    <property name="surefire.test.class.path" value="C:\dl4j\Part1\DataVect\intro\target\test-classes;C:\dl4j\Part1\DataVect\intro\target\classes;C:\Users\silah\.m2\repository\org\deeplearning4j\deeplearning4j-core\1.0.0-beta7\deeplearning4j-core-1.0.0-beta7.jar;C:\Users\silah\.m2\repository\org\deeplearning4j\deeplearning4j-tsne\1.0.0-beta7\deeplearning4j-tsne-1.0.0-beta7.jar;C:\Users\silah\.m2\repository\org\deeplearning4j\nearestneighbor-core\1.0.0-beta7\nearestneighbor-core-1.0.0-beta7.jar;C:\Users\silah\.m2\repository\org\deeplearning4j\deeplearning4j-datasets\1.0.0-beta7\deeplearning4j-datasets-1.0.0-beta7.jar;C:\Users\silah\.m2\repository\org\deeplearning4j\deeplearning4j-common\1.0.0-beta7\deeplearning4j-common-1.0.0-beta7.jar;C:\Users\silah\.m2\repository\org\deeplearning4j\deeplearning4j-datavec-iterators\1.0.0-beta7\deeplearning4j-datavec-iterators-1.0.0-beta7.jar;C:\Users\silah\.m2\repository\org\deeplearning4j\deeplearning4j-modelimport\1.0.0-beta7\deeplearning4j-modelimport-1.0.0-beta7.jar;C:\Users\silah\.m2\repository\com\google\code\gson\gson\2.8.0\gson-2.8.0.jar;C:\Users\silah\.m2\repository\org\bytedeco\hdf5-platform\1.12.0-1.5.3\hdf5-platform-1.12.0-1.5.3.jar;C:\Users\silah\.m2\repository\org\bytedeco\javacpp-platform\1.5.3\javacpp-platform-1.5.3.jar;C:\Users\silah\.m2\repository\org\bytedeco\javacpp\1.5.3\javacpp-1.5.3-android-arm.jar;C:\Users\silah\.m2\repository\org\bytedeco\javacpp\1.5.3\javacpp-1.5.3-android-arm64.jar;C:\Users\silah\.m2\repository\org\bytedeco\javacpp\1.5.3\javacpp-1.5.3-android-x86.jar;C:\Users\silah\.m2\repository\org\bytedeco\javacpp\1.5.3\javacpp-1.5.3-android-x86_64.jar;C:\Users\silah\.m2\repository\org\bytedeco\javacpp\1.5.3\javacpp-1.5.3-ios-arm64.jar;C:\Users\silah\.m2\repository\org\bytedeco\javacpp\1.5.3\javacpp-1.5.3-ios-x86_64.jar;C:\Users\silah\.m2\repository\org\bytedeco\javacpp\1.5.3\javacpp-1.5.3-linux-armhf.jar;C:\Users\silah\.m2\repository\org\bytedeco\javacpp\1.5.3\javacpp-1.5.3-linux-arm64.jar;C:\Users\silah\.m2\repository\org\bytedeco\javacpp\1.5.3\javacpp-1.5.3-linux-ppc64le.jar;C:\Users\silah\.m2\repository\org\bytedeco\javacpp\1.5.3\javacpp-1.5.3-linux-x86.jar;C:\Users\silah\.m2\repository\org\bytedeco\javacpp\1.5.3\javacpp-1.5.3-linux-x86_64.jar;C:\Users\silah\.m2\repository\org\bytedeco\javacpp\1.5.3\javacpp-1.5.3-macosx-x86_64.jar;C:\Users\silah\.m2\repository\org\bytedeco\javacpp\1.5.3\javacpp-1.5.3-windows-x86.jar;C:\Users\silah\.m2\repository\org\bytedeco\hdf5\1.12.0-1.5.3\hdf5-1.12.0-1.5.3.jar;C:\Users\silah\.m2\repository\org\bytedeco\hdf5\1.12.0-1.5.3\hdf5-1.12.0-1.5.3-linux-x86.jar;C:\Users\silah\.m2\repository\org\bytedeco\hdf5\1.12.0-1.5.3\hdf5-1.12.0-1.5.3-linux-x86_64.jar;C:\Users\silah\.m2\repository\org\bytedeco\hdf5\1.12.0-1.5.3\hdf5-1.12.0-1.5.3-linux-armhf.jar;C:\Users\silah\.m2\repository\org\bytedeco\hdf5\1.12.0-1.5.3\hdf5-1.12.0-1.5.3-linux-arm64.jar;C:\Users\silah\.m2\repository\org\bytedeco\hdf5\1.12.0-1.5.3\hdf5-1.12.0-1.5.3-linux-ppc64le.jar;C:\Users\silah\.m2\repository\org\bytedeco\hdf5\1.12.0-1.5.3\hdf5-1.12.0-1.5.3-macosx-x86_64.jar;C:\Users\silah\.m2\repository\org\bytedeco\hdf5\1.12.0-1.5.3\hdf5-1.12.0-1.5.3-windows-x86.jar;C:\Users\silah\.m2\repository\org\bytedeco\hdf5\1.12.0-1.5.3\hdf5-1.12.0-1.5.3-windows-x86_64.jar;C:\Users\silah\.m2\repository\org\slf4j\slf4j-api\1.7.21\slf4j-api-1.7.21.jar;C:\Users\silah\.m2\repository\org\deeplearning4j\deeplearning4j-nn\1.0.0-beta7\deeplearning4j-nn-1.0.0-beta7.jar;C:\Users\silah\.m2\repository\org\deeplearning4j\deeplearning4j-utility-iterators\1.0.0-beta7\deeplearning4j-utility-iterators-1.0.0-beta7.jar;C:\Users\silah\.m2\repository\org\lucee\oswego-concurrent\1.3.4\oswego-concurrent-1.3.4.jar;C:\Users\silah\.m2\repository\it\unimi\dsi\fastutil\6.5.7\fastutil-6.5.7.jar;C:\Users\silah\.m2\repository\org\apache\commons\commons-math3\3.5\commons-math3-3.5.jar;C:\Users\silah\.m2\repository\commons-io\commons-io\2.5\commons-io-2.5.jar;C:\Users\silah\.m2\repository\org\apache\commons\commons-compress\1.18\commons-compress-1.18.jar;C:\Users\silah\.m2\repository\org\nd4j\nd4j-api\1.0.0-beta7\nd4j-api-1.0.0-beta7.jar;C:\Users\silah\.m2\repository\com\jakewharton\byteunits\byteunits\0.9.1\byteunits-0.9.1.jar;C:\Users\silah\.m2\repository\com\google\flatbuffers\flatbuffers-java\1.10.0\flatbuffers-java-1.10.0.jar;C:\Users\silah\.m2\repository\org\nd4j\protobuf\1.0.0-beta7\protobuf-1.0.0-beta7.jar;C:\Users\silah\.m2\repository\commons-net\commons-net\3.1\commons-net-3.1.jar;C:\Users\silah\.m2\repository\net\ericaro\neoitertools\1.0.0\neoitertools-1.0.0.jar;C:\Users\silah\.m2\repository\org\apache\commons\commons-lang3\3.6\commons-lang3-3.6.jar;C:\Users\silah\.m2\repository\org\nd4j\jackson\1.0.0-beta7\jackson-1.0.0-beta7.jar;C:\Users\silah\.m2\repository\org\datavec\datavec-api\1.0.0-beta7\datavec-api-1.0.0-beta7.jar;C:\Users\silah\.m2\repository\commons-codec\commons-codec\1.10\commons-codec-1.10.jar;C:\Users\silah\.m2\repository\joda-time\joda-time\2.2\joda-time-2.2.jar;C:\Users\silah\.m2\repository\org\freemarker\freemarker\2.3.23\freemarker-2.3.23.jar;C:\Users\silah\.m2\repository\com\clearspring\analytics\stream\2.9.8\stream-2.9.8.jar;C:\Users\silah\.m2\repository\net\sf\opencsv\opencsv\2.3\opencsv-2.3.jar;C:\Users\silah\.m2\repository\com\tdunning\t-digest\3.2\t-digest-3.2.jar;C:\Users\silah\.m2\repository\org\datavec\datavec-data-image\1.0.0-beta7\datavec-data-image-1.0.0-beta7.jar;C:\Users\silah\.m2\repository\com\github\jai-imageio\jai-imageio-core\1.3.0\jai-imageio-core-1.3.0.jar;C:\Users\silah\.m2\repository\com\twelvemonkeys\imageio\imageio-jpeg\3.1.1\imageio-jpeg-3.1.1.jar;C:\Users\silah\.m2\repository\com\twelvemonkeys\imageio\imageio-core\3.1.1\imageio-core-3.1.1.jar;C:\Users\silah\.m2\repository\com\twelvemonkeys\imageio\imageio-metadata\3.1.1\imageio-metadata-3.1.1.jar;C:\Users\silah\.m2\repository\com\twelvemonkeys\common\common-lang\3.1.1\common-lang-3.1.1.jar;C:\Users\silah\.m2\repository\com\twelvemonkeys\common\common-io\3.1.1\common-io-3.1.1.jar;C:\Users\silah\.m2\repository\com\twelvemonkeys\common\common-image\3.1.1\common-image-3.1.1.jar;C:\Users\silah\.m2\repository\com\twelvemonkeys\imageio\imageio-tiff\3.1.1\imageio-tiff-3.1.1.jar;C:\Users\silah\.m2\repository\com\twelvemonkeys\imageio\imageio-psd\3.1.1\imageio-psd-3.1.1.jar;C:\Users\silah\.m2\repository\com\twelvemonkeys\imageio\imageio-bmp\3.1.1\imageio-bmp-3.1.1.jar;C:\Users\silah\.m2\repository\org\bytedeco\javacv\1.5.3\javacv-1.5.3.jar;C:\Users\silah\.m2\repository\org\bytedeco\opencv\4.3.0-1.5.3\opencv-4.3.0-1.5.3.jar;C:\Users\silah\.m2\repository\org\bytedeco\ffmpeg\4.2.2-1.5.3\ffmpeg-4.2.2-1.5.3.jar;C:\Users\silah\.m2\repository\org\bytedeco\flycapture\2.13.3.31-1.5.3\flycapture-2.13.3.31-1.5.3.jar;C:\Users\silah\.m2\repository\org\bytedeco\libdc1394\2.2.6-1.5.3\libdc1394-2.2.6-1.5.3.jar;C:\Users\silah\.m2\repository\org\bytedeco\libfreenect\0.5.7-1.5.3\libfreenect-0.5.7-1.5.3.jar;C:\Users\silah\.m2\repository\org\bytedeco\libfreenect2\0.2.0-1.5.3\libfreenect2-0.2.0-1.5.3.jar;C:\Users\silah\.m2\repository\org\bytedeco\librealsense\1.12.4-1.5.3\librealsense-1.12.4-1.5.3.jar;C:\Users\silah\.m2\repository\org\bytedeco\librealsense2\2.29.0-1.5.3\librealsense2-2.29.0-1.5.3.jar;C:\Users\silah\.m2\repository\org\bytedeco\videoinput\0.200-1.5.3\videoinput-0.200-1.5.3.jar;C:\Users\silah\.m2\repository\org\bytedeco\artoolkitplus\2.3.1-1.5.3\artoolkitplus-2.3.1-1.5.3.jar;C:\Users\silah\.m2\repository\org\bytedeco\flandmark\1.07-1.5.3\flandmark-1.07-1.5.3.jar;C:\Users\silah\.m2\repository\org\bytedeco\leptonica\1.79.0-1.5.3\leptonica-1.79.0-1.5.3.jar;C:\Users\silah\.m2\repository\org\bytedeco\tesseract\4.1.1-1.5.3\tesseract-4.1.1-1.5.3.jar;C:\Users\silah\.m2\repository\org\openjfx\javafx-graphics\14\javafx-graphics-14.jar;C:\Users\silah\.m2\repository\org\openjfx\javafx-graphics\14\javafx-graphics-14-win.jar;C:\Users\silah\.m2\repository\org\openjfx\javafx-base\14\javafx-base-14.jar;C:\Users\silah\.m2\repository\org\openjfx\javafx-base\14\javafx-base-14-win.jar;C:\Users\silah\.m2\repository\org\bytedeco\opencv-platform\4.3.0-1.5.3\opencv-platform-4.3.0-1.5.3.jar;C:\Users\silah\.m2\repository\org\bytedeco\openblas-platform\0.3.9-1.5.3\openblas-platform-0.3.9-1.5.3.jar;C:\Users\silah\.m2\repository\org\bytedeco\openblas\0.3.9-1.5.3\openblas-0.3.9-1.5.3-android-arm.jar;C:\Users\silah\.m2\repository\org\bytedeco\openblas\0.3.9-1.5.3\openblas-0.3.9-1.5.3-android-arm64.jar;C:\Users\silah\.m2\repository\org\bytedeco\openblas\0.3.9-1.5.3\openblas-0.3.9-1.5.3-android-x86.jar;C:\Users\silah\.m2\repository\org\bytedeco\openblas\0.3.9-1.5.3\openblas-0.3.9-1.5.3-android-x86_64.jar;C:\Users\silah\.m2\repository\org\bytedeco\openblas\0.3.9-1.5.3\openblas-0.3.9-1.5.3-ios-arm64.jar;C:\Users\silah\.m2\repository\org\bytedeco\openblas\0.3.9-1.5.3\openblas-0.3.9-1.5.3-ios-x86_64.jar;C:\Users\silah\.m2\repository\org\bytedeco\openblas\0.3.9-1.5.3\openblas-0.3.9-1.5.3-linux-x86.jar;C:\Users\silah\.m2\repository\org\bytedeco\openblas\0.3.9-1.5.3\openblas-0.3.9-1.5.3-linux-x86_64.jar;C:\Users\silah\.m2\repository\org\bytedeco\openblas\0.3.9-1.5.3\openblas-0.3.9-1.5.3-linux-armhf.jar;C:\Users\silah\.m2\repository\org\bytedeco\openblas\0.3.9-1.5.3\openblas-0.3.9-1.5.3-linux-arm64.jar;C:\Users\silah\.m2\repository\org\bytedeco\openblas\0.3.9-1.5.3\openblas-0.3.9-1.5.3-linux-ppc64le.jar;C:\Users\silah\.m2\repository\org\bytedeco\openblas\0.3.9-1.5.3\openblas-0.3.9-1.5.3-macosx-x86_64.jar;C:\Users\silah\.m2\repository\org\bytedeco\openblas\0.3.9-1.5.3\openblas-0.3.9-1.5.3-windows-x86.jar;C:\Users\silah\.m2\repository\org\bytedeco\opencv\4.3.0-1.5.3\opencv-4.3.0-1.5.3-android-arm.jar;C:\Users\silah\.m2\repository\org\bytedeco\opencv\4.3.0-1.5.3\opencv-4.3.0-1.5.3-android-arm64.jar;C:\Users\silah\.m2\repository\org\bytedeco\opencv\4.3.0-1.5.3\opencv-4.3.0-1.5.3-android-x86.jar;C:\Users\silah\.m2\repository\org\bytedeco\opencv\4.3.0-1.5.3\opencv-4.3.0-1.5.3-android-x86_64.jar;C:\Users\silah\.m2\repository\org\bytedeco\opencv\4.3.0-1.5.3\opencv-4.3.0-1.5.3-ios-arm64.jar;C:\Users\silah\.m2\repository\org\bytedeco\opencv\4.3.0-1.5.3\opencv-4.3.0-1.5.3-ios-x86_64.jar;C:\Users\silah\.m2\repository\org\bytedeco\opencv\4.3.0-1.5.3\opencv-4.3.0-1.5.3-linux-x86.jar;C:\Users\silah\.m2\repository\org\bytedeco\opencv\4.3.0-1.5.3\opencv-4.3.0-1.5.3-linux-x86_64.jar;C:\Users\silah\.m2\repository\org\bytedeco\opencv\4.3.0-1.5.3\opencv-4.3.0-1.5.3-linux-armhf.jar;C:\Users\silah\.m2\repository\org\bytedeco\opencv\4.3.0-1.5.3\opencv-4.3.0-1.5.3-linux-arm64.jar;C:\Users\silah\.m2\repository\org\bytedeco\opencv\4.3.0-1.5.3\opencv-4.3.0-1.5.3-linux-ppc64le.jar;C:\Users\silah\.m2\repository\org\bytedeco\opencv\4.3.0-1.5.3\opencv-4.3.0-1.5.3-macosx-x86_64.jar;C:\Users\silah\.m2\repository\org\bytedeco\opencv\4.3.0-1.5.3\opencv-4.3.0-1.5.3-windows-x86.jar;C:\Users\silah\.m2\repository\org\bytedeco\opencv\4.3.0-1.5.3\opencv-4.3.0-1.5.3-windows-x86_64.jar;C:\Users\silah\.m2\repository\org\bytedeco\leptonica-platform\1.79.0-1.5.3\leptonica-platform-1.79.0-1.5.3.jar;C:\Users\silah\.m2\repository\org\bytedeco\leptonica\1.79.0-1.5.3\leptonica-1.79.0-1.5.3-android-arm.jar;C:\Users\silah\.m2\repository\org\bytedeco\leptonica\1.79.0-1.5.3\leptonica-1.79.0-1.5.3-android-arm64.jar;C:\Users\silah\.m2\repository\org\bytedeco\leptonica\1.79.0-1.5.3\leptonica-1.79.0-1.5.3-android-x86.jar;C:\Users\silah\.m2\repository\org\bytedeco\leptonica\1.79.0-1.5.3\leptonica-1.79.0-1.5.3-android-x86_64.jar;C:\Users\silah\.m2\repository\org\bytedeco\leptonica\1.79.0-1.5.3\leptonica-1.79.0-1.5.3-linux-x86.jar;C:\Users\silah\.m2\repository\org\bytedeco\leptonica\1.79.0-1.5.3\leptonica-1.79.0-1.5.3-linux-x86_64.jar;C:\Users\silah\.m2\repository\org\bytedeco\leptonica\1.79.0-1.5.3\leptonica-1.79.0-1.5.3-linux-armhf.jar;C:\Users\silah\.m2\repository\org\bytedeco\leptonica\1.79.0-1.5.3\leptonica-1.79.0-1.5.3-linux-arm64.jar;C:\Users\silah\.m2\repository\org\bytedeco\leptonica\1.79.0-1.5.3\leptonica-1.79.0-1.5.3-linux-ppc64le.jar;C:\Users\silah\.m2\repository\org\bytedeco\leptonica\1.79.0-1.5.3\leptonica-1.79.0-1.5.3-macosx-x86_64.jar;C:\Users\silah\.m2\repository\org\bytedeco\leptonica\1.79.0-1.5.3\leptonica-1.79.0-1.5.3-windows-x86.jar;C:\Users\silah\.m2\repository\org\bytedeco\leptonica\1.79.0-1.5.3\leptonica-1.79.0-1.5.3-windows-x86_64.jar;C:\Users\silah\.m2\repository\org\deeplearning4j\deeplearning4j-ui-components\1.0.0-beta7\deeplearning4j-ui-components-1.0.0-beta7.jar;C:\Users\silah\.m2\repository\com\github\oshi\oshi-json\3.4.2\oshi-json-3.4.2.jar;C:\Users\silah\.m2\repository\org\glassfish\javax.json\1.0.4\javax.json-1.0.4.jar;C:\Users\silah\.m2\repository\com\github\oshi\oshi-core\3.4.2\oshi-core-3.4.2.jar;C:\Users\silah\.m2\repository\net\java\dev\jna\jna-platform\4.3.0\jna-platform-4.3.0.jar;C:\Users\silah\.m2\repository\net\java\dev\jna\jna\4.3.0\jna-4.3.0.jar;C:\Users\silah\.m2\repository\org\threeten\threetenbp\1.3.3\threetenbp-1.3.3.jar;C:\Users\silah\.m2\repository\org\nd4j\nd4j-native\1.0.0-beta7\nd4j-native-1.0.0-beta7.jar;C:\Users\silah\.m2\repository\org\nd4j\nd4j-native\1.0.0-beta7\nd4j-native-1.0.0-beta7-windows-x86_64.jar;C:\Users\silah\.m2\repository\org\bytedeco\javacpp\1.5.3\javacpp-1.5.3.jar;C:\Users\silah\.m2\repository\org\bytedeco\javacpp\1.5.3\javacpp-1.5.3-windows-x86_64.jar;C:\Users\silah\.m2\repository\org\bytedeco\openblas\0.3.9-1-1.5.3\openblas-0.3.9-1-1.5.3.jar;C:\Users\silah\.m2\repository\org\bytedeco\openblas\0.3.9-1-1.5.3\openblas-0.3.9-1-1.5.3-windows-x86_64.jar;C:\Users\silah\.m2\repository\org\nd4j\nd4j-native-api\1.0.0-beta7\nd4j-native-api-1.0.0-beta7.jar;C:\Users\silah\.m2\repository\org\datavec\datavec-local\1.0.0-beta7\datavec-local-1.0.0-beta7.jar;C:\Users\silah\.m2\repository\com\codepoetics\protonpack\1.15\protonpack-1.15.jar;C:\Users\silah\.m2\repository\org\datavec\datavec-arrow\1.0.0-beta7\datavec-arrow-1.0.0-beta7.jar;C:\Users\silah\.m2\repository\org\apache\arrow\arrow-vector\0.11.0\arrow-vector-0.11.0.jar;C:\Users\silah\.m2\repository\com\fasterxml\jackson\core\jackson-core\2.7.9\jackson-core-2.7.9.jar;C:\Users\silah\.m2\repository\com\fasterxml\jackson\core\jackson-annotations\2.7.9\jackson-annotations-2.7.9.jar;C:\Users\silah\.m2\repository\com\fasterxml\jackson\core\jackson-databind\2.7.9\jackson-databind-2.7.9.jar;C:\Users\silah\.m2\repository\com\carrotsearch\hppc\0.7.2\hppc-0.7.2.jar;C:\Users\silah\.m2\repository\io\netty\netty-buffer\4.1.22.Final\netty-buffer-4.1.22.Final.jar;C:\Users\silah\.m2\repository\io\netty\netty-common\4.1.22.Final\netty-common-4.1.22.Final.jar;C:\Users\silah\.m2\repository\org\apache\arrow\arrow-memory\0.11.0\arrow-memory-0.11.0.jar;C:\Users\silah\.m2\repository\com\google\code\findbugs\jsr305\3.0.2\jsr305-3.0.2.jar;C:\Users\silah\.m2\repository\org\apache\arrow\arrow-format\0.11.0\arrow-format-0.11.0.jar;C:\Users\silah\.m2\repository\org\nd4j\nd4j-common\1.0.0-beta7\nd4j-common-1.0.0-beta7.jar;C:\Users\silah\.m2\repository\org\nd4j\guava\1.0.0-beta7\guava-1.0.0-beta7.jar;C:\Users\silah\.m2\repository\ch\qos\logback\logback-classic\1.2.3\logback-classic-1.2.3.jar;C:\Users\silah\.m2\repository\ch\qos\logback\logback-core\1.2.3\logback-core-1.2.3.jar;C:\Users\silah\.m2\repository\junit\junit\4.11\junit-4.11.jar;C:\Users\silah\.m2\repository\org\hamcrest\hamcrest-core\1.3\hamcrest-core-1.3.jar;"/>
    <property name="sun.cpu.endian" value="little"/>
    <property name="user.home" value="C:\Users\silah"/>
    <property name="user.language" value="fr"/>
    <property name="java.specification.vendor" value="Oracle Corporation"/>
    <property name="java.version.date" value="2020-07-14"/>
    <property name="java.home" value="C:\Program Files\RedHat\java-14-openjdk-14.0.2-1"/>
    <property name="file.separator" value="\"/>
    <property name="basedir" value="C:\dl4j\Part1\DataVect\intro"/>
    <property name="java.vm.compressedOopsMode" value="32-bit"/>
    <property name="line.separator" value="&#10;"/>
    <property name="java.vm.specification.vendor" value="Oracle Corporation"/>
    <property name="java.specification.name" value="Java Platform API Specification"/>
    <property name="surefire.real.class.path" value="C:\Users\silah\AppData\Local\Temp\surefire6553829194538421933\surefirebooter5995920948524459155.jar"/>
    <property name="user.script" value=""/>
    <property name="sun.management.compiler" value="HotSpot 64-Bit Tiered Compilers"/>
    <property name="java.runtime.version" value="14.0.2+12"/>
    <property name="user.name" value="silah"/>
    <property name="path.separator" value=";"/>
    <property name="os.version" value="10.0"/>
    <property name="java.runtime.name" value="OpenJDK Runtime Environment"/>
    <property name="file.encoding" value="Cp1252"/>
    <property name="java.vm.name" value="OpenJDK 64-Bit Server VM"/>
    <property name="java.vendor.version" value="20.3"/>
    <property name="localRepository" value="C:\Users\silah\.m2\repository"/>
    <property name="java.vendor.url.bug" value="https://bugzilla.redhat.com/enter_bug.cgi"/>
    <property name="java.io.tmpdir" value="C:\Users\silah\AppData\Local\Temp\"/>
    <property name="java.version" value="14.0.2"/>
    <property name="user.dir" value="C:\dl4j\Part1\DataVect\intro"/>
    <property name="os.arch" value="amd64"/>
    <property name="java.vm.specification.name" value="Java Virtual Machine Specification"/>
    <property name="sun.os.patch.level" value=""/>
    <property name="java.library.path" value="C:\Program Files\RedHat\java-14-openjdk-14.0.2-1\bin;C:\WINDOWS\Sun\Java\bin;C:\WINDOWS\system32;C:\WINDOWS;C:\WINDOWS\system32;C:\WINDOWS;C:\WINDOWS\System32\Wbem;C:\WINDOWS\System32\WindowsPowerShell\v1.0\;C:\WINDOWS\System32\OpenSSH\;C:\Program Files\RedHat\java-14-openjdk-14.0.2-1\bin;C:\Program Files (x86)\Java\openjdk-1.8.0.262;C:\Program Files (x86)\Common Files\Oracle\Java\javapath;C:\Program Files\Git\bin;C:\Program Files\apache-maven-3.6.3\bin;C:\Users\silah\anaconda3;C:\Users\silah\anaconda3\Library\mingw-w64\bin;C:\Users\silah\anaconda3\Library\usr\bin;C:\Users\silah\anaconda3\Library\bin;C:\Users\silah\anaconda3\Scripts;C:\Users\silah\AppData\Local\Microsoft\WindowsApps;C:\Users\silah\AppData\Local\Programs\Microsoft VS Code\bin;."/>
    <property name="java.vm.info" value="mixed mode, sharing"/>
    <property name="java.vendor" value="Red Hat, Inc."/>
    <property name="java.vm.version" value="14.0.2+12"/>
    <property name="sun.io.unicode.encoding" value="UnicodeLittle"/>
    <property name="java.class.version" value="58.0"/>
  </properties>
  <testcase name="shouldAnswerWithTrue" classname="com.alhous.dl4j.AppTest" time="0.009"/>
</testsuite>